0 info it worked if it ends with ok
1 verbose cli [ 'F:\\Program Files\\nodejs\\node.exe',
1 verbose cli   'F:\\npms\\node_modules\\npm\\bin\\npm-cli.js',
1 verbose cli   'run',
1 verbose cli   'build' ]
2 info using npm@3.10.9
3 info using node@v8.9.4
4 verbose run-script [ 'prebuild', 'build', 'postbuild' ]
5 info lifecycle victor-hugo@1.0.0~prebuild: victor-hugo@1.0.0
6 silly lifecycle victor-hugo@1.0.0~prebuild: no script for prebuild, continuing
7 info lifecycle victor-hugo@1.0.0~build: victor-hugo@1.0.0
8 verbose lifecycle victor-hugo@1.0.0~build: unsafe-perm in lifecycle true
9 verbose lifecycle victor-hugo@1.0.0~build: PATH: F:\npms\node_modules\npm\bin\node-gyp-bin;F:\github\casper-cms-template\node_modules\.bin;C:\Windows\system32;C:\Windows;C:\Windows\System32\Wbem;C:\Windows\System32\WindowsPowerShell\v1.0\;F:\Program Files\nodejs\;F:\Program Files\Git\bin;C:\Users\physihan\AppData\Local\Programs\Python\Python36;C:\Program Files (x86)\Windows Kits\8.1\Windows Performance Toolkit\;C:\Users\physihan\.windows-build-tools\python27;F:\Program Files (x86)\tortoise\bin;F:\Program Files\MongoDB\Server\3.6\bin;F:\npms;F:\flutter+\flutter\bin;%ANDROID_HOME%\platform-tools;"%ANDROID_HOME%\tools;";C:\Users\physihan\AppData\Local\Programs\Python\Python36\Scripts\;C:\Users\physihan\AppData\Local\Programs\Python\Python36\;C:\Users\physihan\AppData\Local\Microsoft\WindowsApps;C:\Users\physihan\AppData\Roaming\npm;C:\Program Files\Microsoft VS Code\bin;C:\Users\physihan\AppData\Local\GitHubDesktop\bin
10 verbose lifecycle victor-hugo@1.0.0~build: CWD: F:\github\casper-cms-template
11 silly lifecycle victor-hugo@1.0.0~build: Args: [ '/d /s /c', 'gulp build' ]
12 silly lifecycle victor-hugo@1.0.0~build: Returned: code: 1  signal: null
13 info lifecycle victor-hugo@1.0.0~build: Failed to exec build script
14 verbose stack Error: victor-hugo@1.0.0 build: `gulp build`
14 verbose stack Exit status 1
14 verbose stack     at EventEmitter.<anonymous> (F:\npms\node_modules\npm\lib\utils\lifecycle.js:255:16)
14 verbose stack     at emitTwo (events.js:126:13)
14 verbose stack     at EventEmitter.emit (events.js:214:7)
14 verbose stack     at ChildProcess.<anonymous> (F:\npms\node_modules\npm\lib\utils\spawn.js:40:14)
14 verbose stack     at emitTwo (events.js:126:13)
14 verbose stack     at ChildProcess.emit (events.js:214:7)
14 verbose stack     at maybeClose (internal/child_process.js:925:16)
14 verbose stack     at Process.ChildProcess._handle.onexit (internal/child_process.js:209:5)
15 verbose pkgid victor-hugo@1.0.0
16 verbose cwd F:\github\casper-cms-template
17 error Windows_NT 10.0.16299
18 error argv "F:\\Program Files\\nodejs\\node.exe" "F:\\npms\\node_modules\\npm\\bin\\npm-cli.js" "run" "build"
19 error node v8.9.4
20 error npm  v3.10.9
21 error code ELIFECYCLE
22 error victor-hugo@1.0.0 build: `gulp build`
22 error Exit status 1
23 error Failed at the victor-hugo@1.0.0 build script 'gulp build'.
23 error Make sure you have the latest version of node.js and npm installed.
23 error If you do, this is most likely a problem with the victor-hugo package,
23 error not with npm itself.
23 error Tell the author that this fails on your system:
23 error     gulp build
23 error You can get information on how to open an issue for this project with:
23 error     npm bugs victor-hugo
23 error Or if that isn't available, you can get their info via:
23 error     npm owner ls victor-hugo
23 error There is likely additional logging output above.
24 verbose exit [ 1, true ]
